
  GET|HEAD   _debugbar/assets/javascript .................................................................................................................................. debugbar.assets.js › Barryvdh\Debugbar › AssetController@js
  GET|HEAD   _debugbar/assets/stylesheets ............................................................................................................................... debugbar.assets.css › Barryvdh\Debugbar › AssetController@css
  DELETE     _debugbar/cache/{key}/{tags?} ......................................................................................................................... debugbar.cache.delete › Barryvdh\Debugbar › CacheController@delete
  GET|HEAD   _debugbar/clockwork/{id} ........................................................................................................................ debugbar.clockwork › Barryvdh\Debugbar › OpenHandlerController@clockwork
  GET|HEAD   _debugbar/open ................................................................................................................................... debugbar.openhandler › Barryvdh\Debugbar › OpenHandlerController@handle
  POST       _ignition/execute-solution ................................................................................................................. ignition.executeSolution › Spatie\LaravelIgnition › ExecuteSolutionController
  GET|HEAD   _ignition/health-check ............................................................................................................................. ignition.healthCheck › Spatie\LaravelIgnition › HealthCheckController
  POST       _ignition/update-config .......................................................................................................................... ignition.updateConfig › Spatie\LaravelIgnition › UpdateConfigController
  GET|HEAD   admin/format ........................................................................................................................................................... admin.format.index › Admin\FormatController@index
  GET|HEAD   admin/format/create .................................................................................................................................................. admin.format.create › Admin\FormatController@create
  GET|HEAD   admin/format/edit/{$id} .................................................................................................................................................. admin.format.edit › Admin\FormatController@edit
  GET|HEAD   api/user ................................................................................................................................................................................................ Controller@index
  GET|HEAD   home ......................................................................................................................................................................................... home › HomeController@index
  GET|HEAD   login ......................................................................................................................................................................... login › Auth\LoginController@showLoginForm
  POST       login ......................................................................................................................................................................................... Auth\LoginController@login
  POST       logout .............................................................................................................................................................................. logout › Auth\LoginController@logout
  GET|HEAD   password/confirm ....................................................................................................................................... password.confirm › Auth\ConfirmPasswordController@showConfirmForm
  POST       password/confirm .................................................................................................................................................................. Auth\ConfirmPasswordController@confirm
  POST       password/email ......................................................................................................................................... password.email › Auth\ForgotPasswordController@sendResetLinkEmail
  GET|HEAD   password/reset ...................................................................................................................................... password.request › Auth\ForgotPasswordController@showLinkRequestForm
  POST       password/reset ...................................................................................................................................................... password.update › Auth\ResetPasswordController@reset
  GET|HEAD   password/reset/{token} ....................................................................................................................................... password.reset › Auth\ResetPasswordController@showResetForm
  GET|HEAD   register ......................................................................................................................................................... register › Auth\RegisterController@showRegistrationForm
  POST       register ................................................................................................................................................................................ Auth\RegisterController@register
  GET|HEAD   sanctum/csrf-cookie .......................................................................................................................................................... Laravel\Sanctum › CsrfCookieController@show

                                                                                                                                                                                                                    Showing [25] routes

